{
  "RSpec": {
    "coverage": {
      "/Users/janicelichtman/Desktop/ADA/class/projects/ride-share-two/lib/driver.rb": [
        1,
        null,
        1,
        null,
        1,
        null,
        1,
        null,
        1,
        3407,
        3407,
        3407,
        null,
        3407,
        3406,
        null,
        null,
        1,
        34,
        34,
        3400,
        null,
        34,
        null,
        null,
        1,
        1499,
        25,
        null,
        25,
        null,
        null,
        null,
        1,
        11,
        null,
        null,
        1,
        3,
        16,
        null,
        null,
        null,
        null
      ],
      "/Users/janicelichtman/Desktop/ADA/class/projects/ride-share-two/lib/rider.rb": [
        1,
        null,
        1,
        null,
        1,
        null,
        1,
        null,
        1,
        5405,
        5405,
        5405,
        null,
        null,
        1,
        18,
        18,
        5400,
        null,
        18,
        null,
        null,
        1,
        2185,
        null,
        9,
        null,
        9,
        null,
        null,
        null,
        1,
        9,
        null,
        null,
        1,
        21,
        null,
        null,
        null,
        null,
        null
      ],
      "/Users/janicelichtman/Desktop/ADA/class/projects/ride-share-two/lib/trip.rb": [
        1,
        null,
        1,
        null,
        1,
        null,
        1,
        null,
        1,
        24612,
        24612,
        24612,
        24612,
        24612,
        null,
        24612,
        24611,
        null,
        null,
        1,
        41,
        41,
        24600,
        null,
        41,
        null,
        null,
        1,
        35,
        null,
        10818,
        null,
        9015,
        2,
        null,
        35,
        null,
        null,
        null,
        null,
        1,
        18,
        null,
        null,
        1,
        2,
        null,
        null,
        null,
        null
      ],
      "/Users/janicelichtman/Desktop/ADA/class/projects/ride-share-two/lib/exception_classes.rb": [
        1,
        1,
        null,
        null,
        1,
        null,
        null,
        null
      ],
      "/Users/janicelichtman/Desktop/ADA/class/projects/ride-share-two/specs/rider_spec.rb": [
        1,
        null,
        1,
        null,
        6,
        6,
        null,
        1,
        null,
        1,
        1,
        null,
        null,
        1,
        1,
        1,
        null,
        1,
        1,
        null,
        1,
        1,
        null,
        null,
        null,
        null,
        1,
        null,
        1,
        1,
        1,
        300,
        null,
        null,
        null,
        1,
        1,
        1,
        null,
        null,
        1,
        null,
        1,
        1,
        1,
        null,
        null,
        null,
        null,
        1,
        1,
        1,
        null,
        null,
        null,
        1,
        null,
        1,
        null,
        null,
        1,
        null,
        1,
        1,
        1,
        null,
        null,
        null,
        1,
        null,
        null,
        null,
        1,
        1,
        1,
        1,
        1,
        1,
        null,
        null,
        null,
        1,
        1,
        1,
        1,
        null,
        null,
        null,
        null,
        1,
        1,
        1,
        null,
        null,
        1,
        1,
        4,
        null,
        null,
        null,
        1,
        1,
        null,
        5,
        null,
        null,
        1,
        1,
        1,
        null,
        null,
        null,
        null,
        null
      ],
      "/Users/janicelichtman/Desktop/ADA/class/projects/ride-share-two/specs/trip_spec.rb": [
        1,
        null,
        1,
        null,
        7,
        null,
        6,
        null,
        null,
        1,
        null,
        1,
        1,
        1,
        null,
        null,
        1,
        1,
        1,
        null,
        1,
        1,
        null,
        1,
        1,
        null,
        1,
        1,
        null,
        1,
        1,
        null,
        null,
        1,
        1,
        1,
        null,
        1,
        1,
        null,
        null,
        null,
        1,
        1,
        1,
        null,
        null,
        null,
        1,
        1,
        1,
        1,
        null,
        null,
        null,
        1,
        null,
        1,
        1,
        1,
        600,
        null,
        null,
        null,
        1,
        1,
        1,
        null,
        null,
        1,
        1,
        1,
        1,
        1,
        1,
        1,
        null,
        null,
        null,
        null,
        1,
        null,
        1,
        1,
        1,
        7,
        null,
        1,
        1,
        2,
        null,
        null,
        null,
        1,
        null,
        1,
        1,
        null,
        1,
        null,
        null,
        null,
        1,
        1,
        7,
        null,
        null,
        null,
        1,
        602,
        1,
        null,
        null,
        1,
        1,
        1,
        1,
        null,
        null,
        1,
        1,
        2,
        null,
        null,
        null,
        1,
        602,
        1,
        null,
        null,
        1,
        1,
        1,
        null,
        null,
        null,
        null,
        1,
        null,
        1,
        1,
        null,
        null,
        1,
        1,
        null,
        null,
        null,
        null,
        null,
        null,
        1,
        null,
        1,
        1,
        null,
        null,
        1,
        1,
        null,
        null,
        null,
        null
      ]
    },
    "timestamp": 1489022050
  }
}
