{
  "RSpec": {
    "coverage": {
      "/Users/janicelichtman/Desktop/ADA/class/projects/ride-share-two/lib/driver.rb": [
        1,
        null,
        1,
        null,
        1,
        null,
        1,
        null,
        1,
        607,
        607,
        607,
        607,
        null,
        null,
        1,
        6,
        6,
        600,
        null,
        6,
        null,
        null,
        null,
        null,
        null,
        null,
        null,
        null,
        null
      ],
      "/Users/janicelichtman/Desktop/ADA/class/projects/ride-share-two/specs/rider_spec.rb": [
        1,
        1,
        null,
        1,
        1,
        1,
        1,
        null,
        null
      ],
      "/Users/janicelichtman/Desktop/ADA/class/projects/ride-share-two/lib/rider.rb": [

      ],
      "/Users/janicelichtman/Desktop/ADA/class/projects/ride-share-two/specs/trip_spec.rb": [
        1,
        1,
        null,
        1,
        1,
        1,
        1,
        null,
        null
      ],
      "/Users/janicelichtman/Desktop/ADA/class/projects/ride-share-two/lib/trip.rb": [

      ]
    },
    "timestamp": 1488868100
  }
}
